bookstore_video0.mp4
bookstore_video1.mp4
bookstore_video2.mp4
bookstore_video3.mp4
coupa_video3.mp4
deathCircle_video0.mp4
deathCircle_video1.mp4
deathCircle_video2.mp4
deathCircle_video3.mp4
deathCircle_video4.mp4
gates_video0.mp4
gates_video1.mp4
gates_video3.mp4
gates_video4.mp4
gates_video5.mp4
gates_video6.mp4
gates_video7.mp4
gates_video8.mp4
hyang_video4.mp4
hyang_video5.mp4
hyang_video6.mp4
hyang_video9.mp4
nexus_video0.mp4
nexus_video1.mp4
nexus_video3.mp4
nexus_video4.mp4
nexus_video7.mp4
nexus_video8.mp4
nexus_video9.mp4